2020-06-16 23:26:31.890253: I tensorflow/core/platform/cpu_feature_guard.cc:142] Your CPU supports instructions that this TensorFlow binary was not compiled to use: SSE4.1 SSE4.2 AVX AVX2 FMA
2020-06-16 23:26:32.712207: I tensorflow/core/platform/profile_utils/cpu_utils.cc:94] CPU Frequency: 2993950000 Hz
2020-06-16 23:26:32.717362: I tensorflow/compiler/xla/service/service.cc:168] XLA service 0x558d60889cc0 initialized for platform Host (this does not guarantee that XLA will be used). Devices:
2020-06-16 23:26:32.717409: I tensorflow/compiler/xla/service/service.cc:176]   StreamExecutor device (0): Host, Default Version
2020-06-16 23:26:32.827372: I tensorflow/core/common_runtime/process_util.cc:147] Creating new thread pool with default inter op setting: 2. Tune using inter_op_parallelism_threads for best performance.
Traceback (most recent call last):
  File "CNNsearch.py", line 81, in <module>
    train_images, train_labels, test_images, test_labels, class_names = CreateTrainingData(store, MXSZ, 0.3)
  File "CNNsearch.py", line 63, in CreateTrainingData
    train_images = np.concatenate(train_images)
  File "<__array_function__ internals>", line 6, in concatenate
MemoryError: Unable to allocate array with shape (7413, 784, 784) and data type float32
Traceback (most recent call last):
  File "CNNsearch.py", line 78, in <module>
    size = GetImageSet(MRC,store)
  File "CNNsearch.py", line 22, in GetImageSet
    image = image.astype('uint8')
AttributeError: 'int' object has no attribute 'astype'
2020-06-17 09:02:18.571415: I tensorflow/core/platform/cpu_feature_guard.cc:142] Your CPU supports instructions that this TensorFlow binary was not compiled to use: SSE4.1 SSE4.2 AVX AVX2 FMA
2020-06-17 09:02:18.606772: I tensorflow/core/platform/profile_utils/cpu_utils.cc:94] CPU Frequency: 2993950000 Hz
2020-06-17 09:02:18.611310: I tensorflow/compiler/xla/service/service.cc:168] XLA service 0x55bbf939e120 initialized for platform Host (this does not guarantee that XLA will be used). Devices:
2020-06-17 09:02:18.611376: I tensorflow/compiler/xla/service/service.cc:176]   StreamExecutor device (0): Host, Default Version
2020-06-17 09:02:18.611555: I tensorflow/core/common_runtime/process_util.cc:147] Creating new thread pool with default inter op setting: 2. Tune using inter_op_parallelism_threads for best performance.
Traceback (most recent call last):
  File "CNNsearch.py", line 83, in <module>
    train_images = np.asarray(train_images).reshape((7413, 200, 200, 1))
ValueError: cannot reshape array of size 4556444928 into shape (7413,200,200,1)
2020-06-17 09:07:53.439847: I tensorflow/core/platform/cpu_feature_guard.cc:142] Your CPU supports instructions that this TensorFlow binary was not compiled to use: SSE4.1 SSE4.2 AVX AVX2 FMA
2020-06-17 09:07:53.470756: I tensorflow/core/platform/profile_utils/cpu_utils.cc:94] CPU Frequency: 2993950000 Hz
2020-06-17 09:07:53.474417: I tensorflow/compiler/xla/service/service.cc:168] XLA service 0x559a21846b20 initialized for platform Host (this does not guarantee that XLA will be used). Devices:
2020-06-17 09:07:53.474450: I tensorflow/compiler/xla/service/service.cc:176]   StreamExecutor device (0): Host, Default Version
2020-06-17 09:07:53.474593: I tensorflow/core/common_runtime/process_util.cc:147] Creating new thread pool with default inter op setting: 2. Tune using inter_op_parallelism_threads for best performance.
Traceback (most recent call last):
  File "CNNsearch.py", line 83, in <module>
    train_images = np.asarray(train_images).reshape((7413, 200, 200))
ValueError: cannot reshape array of size 4556444928 into shape (7413,200,200)
